1609207881586	geckodriver	INFO	Listening on 127.0.0.1:50603
1609207884626	mozrunner::runner	INFO	Running command: "C:\\Program Files\\Mozilla Firefox\\firefox.exe" "--marionette" "-foreground" "-no-remote" "-profile" "C:\\Users\\Minotaur.Lee\\AppData\\Local\\Temp\\rust_mozprofile1Fa5Xb"
Can't find symbol 'eglSwapBuffersWithDamageEXT'.
Can't find symbol 'eglSetDamageRegionKHR'.
console.warn: SearchSettings: "get: No settings file exists, new profile?" (new Error("", "(unknown module)"))
1609207889820	Marionette	INFO	Listening on port 50619
1609207889873	Marionette	WARN	TLS certificate errors will be ignored for this session
JavaScript warning: http://erp.lemfix.com/js/layer/3.1/layer.js, line 1173: unreachable code after return statement
JavaScript warning: http://erp.lemfix.com/js/layer/3.1/layer.js, line 1173: unreachable code after return statement
JavaScript warning: http://erp.lemfix.com/js/layer/3.1/layer.js, line 1173: unreachable code after return statement
[Parent 4356, Gecko_IOThread] WARNING: file /builds/worker/checkouts/gecko/ipc/chromium/src/base/process_util_win.cc:166

###!!! [Child][MessageChannel] Error: (msgtype=0x6B0027,name=PNecko::Msg_RemoveRequestContext) Closed channel: cannot send/recv


###!!! [Child][MessageChannel] Error: (msgtype=0x6B0027,name=PNecko::Msg_RemoveRequestContext) Closed channel: cannot send/recv


###!!! [Child][MessageChannel] Error: (msgtype=0x6B0027,name=PNecko::Msg_RemoveRequestContext) Closed channel: cannot send/recv

FO	Listening on port 51450
1609208173715	Marionette	WARN	TLS certificate errors will be ignored for this session
JavaScript warning: http://erp.lemfix.com/js/layer/3.1/layer.js, line 1173: unreachable code after return statement
JavaScript warning: http://erp.lemfix.com/js/layer/3.1/layer.js, line 1173: unreachable code after return statement
JavaScript warning: http://erp.lemfix.com/js/layer/3.1/layer.js, line 1173: unreachable code after return statement
1609208187195	Marionette	INFO	Stopped listening on port 51450
